d:\github\data_struct\data struct\x64\debug\vc143.pdb
d:\github\data_struct\data struct\x64\debug\vc143.idb
d:\github\data-structure_c-cpp\data struct\x64\debug\vc143.pdb
d:\github\data-structure_c-cpp\data struct\x64\debug\vc143.idb
d:\github\data-structure_c-cpp\data struct\x64\debug\main.obj
d:\github\data-structure_c-cpp\data struct\x64\debug\tree_binary_search.obj
d:\github\data-structure_c-cpp\data struct\x64\debug\tree_binary_thread.obj
d:\github\data-structure_c-cpp\data struct\x64\debug\tree_binary.obj
d:\github\data-structure_c-cpp\data struct\x64\debug\liner_stack_sequential.obj
d:\github\data-structure_c-cpp\data struct\x64\debug\liner_stack_link.obj
d:\github\data-structure_c-cpp\data struct\x64\debug\liner_queue.obj
d:\github\data-structure_c-cpp\data struct\x64\debug\liner_list_sequential_static.obj
d:\github\data-structure_c-cpp\data struct\x64\debug\liner_list_link.obj
d:\github\data-structure_c-cpp\data struct\x64\debug\main .obj
d:\github\data-structure_c-cpp\data struct\x64\debug\tree_binary_avl.obj
d:\github\data-structure_c-cpp\data struct\x64\debug\tree_mergefind_set.obj
d:\github\data-structure_c-cpp\data struct\x64\debug\graph_matrix.obj
d:\github\data-structure_c-cpp\data struct\x64\debug\graph_adjacencylist.obj
d:\github\data-structure_c-cpp\data struct\x64\debug\module.ixx.module.json
d:\github\data-structure_c-cpp\data struct\x64\debug\c main .obj
d:\github\data-structure_c-cpp\data struct\x64\debug\c++.obj
d:\github\data-structure_c-cpp\data struct\x64\debug\c.obj
d:\github\data-structure_c-cpp\data struct\x64\debug\liner_link_list.obj
d:\github\data-structure_c-cpp\data struct\x64\debug\liner_lists_sequential.obj
d:\github\data-structure_c-cpp\data struct\x64\debug\liner_list_sequential.obj
d:\github\data-structure_c-cpp\data struct\x64\debug\liner_list_sequential_cpp.obj
d:\github\data-structure_c-cpp\data struct\x64\debug\liner_sequential_list_static.obj
d:\github\data-structure_c-cpp\data struct\x64\debug\module.ixx.obj
d:\github\data-structure_c-cpp\data struct\x64\debug\liner_queue.obj.enc
d:\github\data-structure_c-cpp\data struct\x64\debug\main.obj.enc
d:\github\data-structure_c-cpp\data struct\x64\debug\tree_binary_avl.obj.enc
d:\github\data-structure_c-cpp\x64\debug\data struct.pdb
d:\github\data-structure_c-cpp\data struct\x64\debug\data struct.tlog\cl.command.1.tlog
d:\github\data-structure_c-cpp\data struct\x64\debug\data struct.tlog\cl.read.1.tlog
d:\github\data-structure_c-cpp\data struct\x64\debug\data struct.tlog\cl.write.1.tlog
d:\github\data-structure_c-cpp\data struct\x64\debug\data struct.tlog\link.20580-cvtres.read.1.tlog
d:\github\data-structure_c-cpp\data struct\x64\debug\data struct.tlog\link.20580-cvtres.write.1.tlog
d:\github\data-structure_c-cpp\data struct\x64\debug\data struct.tlog\link.20580-rc.read.1.tlog
d:\github\data-structure_c-cpp\data struct\x64\debug\data struct.tlog\link.20580-rc.write.1.tlog
d:\github\data-structure_c-cpp\data struct\x64\debug\data struct.tlog\link.20580.read.1.tlog
d:\github\data-structure_c-cpp\data struct\x64\debug\data struct.tlog\link.20580.read.2.tlog
d:\github\data-structure_c-cpp\data struct\x64\debug\data struct.tlog\link.20580.write.1.tlog
d:\github\data-structure_c-cpp\data struct\x64\debug\data struct.tlog\link.command.1.tlog
d:\github\data-structure_c-cpp\data struct\x64\debug\data struct.tlog\link.read.1.tlog
d:\github\data-structure_c-cpp\data struct\x64\debug\data struct.tlog\link.write.1.tlog
d:\github\data-structure_c-cpp\data struct\x64\debug\data struct_md.tlog\cl.command.1.tlog
d:\github\data-structure_c-cpp\data struct\x64\debug\data struct_md.tlog\microsoft.build.cpptasks.cl.read.1.tlog
d:\github\data-structure_c-cpp\data struct\x64\debug\data struct_md.tlog\microsoft.build.cpptasks.cl.write.1.tlog
